[TraceId: ] 2025-06-01 07:32:31.761 [main] INFO  com.jeremy.weblog.web.WeblogWebApplication - Starting WeblogWebApplication using Java 1.8.0_171 on DESKTOP-E6GOGRE with PID 11232 (E:\project\weblog\weblog-web\target\classes started by l7821 in E:\project\weblog)
[TraceId: ] 2025-06-01 07:32:31.765 [main] INFO  com.jeremy.weblog.web.WeblogWebApplication - The following profiles are active: prod
[TraceId: ] 2025-06-01 07:32:33.288 [main] INFO  o.s.boot.web.embedded.tomcat.TomcatWebServer - Tomcat initialized with port(s): 8080 (http)
[TraceId: ] 2025-06-01 07:32:33.308 [main] INFO  org.apache.catalina.core.StandardService - Starting service [Tomcat]
[TraceId: ] 2025-06-01 07:32:33.308 [main] INFO  org.apache.catalina.core.StandardEngine - Starting Servlet engine: [Apache Tomcat/9.0.56]
[TraceId: ] 2025-06-01 07:32:33.406 [main] INFO  o.a.c.core.ContainerBase.[Tomcat].[localhost].[/] - Initializing Spring embedded WebApplicationContext
[TraceId: ] 2025-06-01 07:32:33.406 [main] INFO  o.s.b.w.s.c.ServletWebServerApplicationContext - Root WebApplicationContext: initialization completed in 1580 ms
[TraceId: ] 2025-06-01 07:32:34.051 [main] INFO  o.s.boot.web.embedded.tomcat.TomcatWebServer - Tomcat started on port(s): 8080 (http) with context path ''
[TraceId: ] 2025-06-01 07:32:34.061 [main] INFO  com.jeremy.weblog.web.WeblogWebApplication - Started WeblogWebApplication in 3.565 seconds (JVM running for 5.958)
[TraceId: ] 2025-06-01 07:33:27.318 [http-nio-8080-exec-1] INFO  o.a.c.core.ContainerBase.[Tomcat].[localhost].[/] - Initializing Spring DispatcherServlet 'dispatcherServlet'
[TraceId: ] 2025-06-01 07:33:27.318 [http-nio-8080-exec-1] INFO  org.springframework.web.servlet.DispatcherServlet - Initializing Servlet 'dispatcherServlet'
[TraceId: ] 2025-06-01 07:33:27.318 [http-nio-8080-exec-1] INFO  org.springframework.web.servlet.DispatcherServlet - Completed initialization in 0 ms
[TraceId: ] 2025-06-01 07:33:27.417 [http-nio-8080-exec-1] WARN  o.s.w.s.m.support.DefaultHandlerExceptionResolver - Resolved [org.springframework.http.converter.HttpMessageNotReadableException: JSON parse error: Cannot deserialize value of type `java.lang.Integer` from String "782176274@qq.com": not a valid `java.lang.Integer` value; nested exception is com.fasterxml.jackson.databind.exc.InvalidFormatException: Cannot deserialize value of type `java.lang.Integer` from String "782176274@qq.com": not a valid `java.lang.Integer` value<EOL> at [Source: (PushbackInputStream); line: 5, column: 14] (through reference chain: com.jeremy.weblog.web.model.User["email"])]
[TraceId: ] 2025-06-01 07:34:06.809 [http-nio-8080-exec-2] WARN  o.s.w.s.m.support.DefaultHandlerExceptionResolver - Resolved [org.springframework.http.converter.HttpMessageNotReadableException: JSON parse error: Cannot deserialize value of type `java.lang.Integer` from String "782176274@qq.com": not a valid `java.lang.Integer` value; nested exception is com.fasterxml.jackson.databind.exc.InvalidFormatException: Cannot deserialize value of type `java.lang.Integer` from String "782176274@qq.com": not a valid `java.lang.Integer` value<EOL> at [Source: (PushbackInputStream); line: 5, column: 14] (through reference chain: com.jeremy.weblog.web.model.User["email"])]
[TraceId: ] 2025-06-01 07:35:05.424 [main] INFO  com.jeremy.weblog.web.WeblogWebApplication - Starting WeblogWebApplication using Java 1.8.0_171 on DESKTOP-E6GOGRE with PID 7244 (E:\project\weblog\weblog-web\target\classes started by l7821 in E:\project\weblog)
[TraceId: ] 2025-06-01 07:35:05.426 [main] INFO  com.jeremy.weblog.web.WeblogWebApplication - The following profiles are active: prod
[TraceId: ] 2025-06-01 07:35:06.257 [main] INFO  o.s.boot.web.embedded.tomcat.TomcatWebServer - Tomcat initialized with port(s): 8080 (http)
[TraceId: ] 2025-06-01 07:35:06.274 [main] INFO  org.apache.catalina.core.StandardService - Starting service [Tomcat]
[TraceId: ] 2025-06-01 07:35:06.274 [main] INFO  org.apache.catalina.core.StandardEngine - Starting Servlet engine: [Apache Tomcat/9.0.56]
[TraceId: ] 2025-06-01 07:35:06.342 [main] INFO  o.a.c.core.ContainerBase.[Tomcat].[localhost].[/] - Initializing Spring embedded WebApplicationContext
[TraceId: ] 2025-06-01 07:35:06.342 [main] INFO  o.s.b.w.s.c.ServletWebServerApplicationContext - Root WebApplicationContext: initialization completed in 885 ms
[TraceId: ] 2025-06-01 07:35:06.733 [main] INFO  o.s.boot.web.embedded.tomcat.TomcatWebServer - Tomcat started on port(s): 8080 (http) with context path ''
[TraceId: ] 2025-06-01 07:35:06.741 [main] INFO  com.jeremy.weblog.web.WeblogWebApplication - Started WeblogWebApplication in 1.958 seconds (JVM running for 3.118)
[TraceId: ] 2025-06-01 07:35:11.901 [http-nio-8080-exec-1] INFO  o.a.c.core.ContainerBase.[Tomcat].[localhost].[/] - Initializing Spring DispatcherServlet 'dispatcherServlet'
[TraceId: ] 2025-06-01 07:35:11.902 [http-nio-8080-exec-1] INFO  org.springframework.web.servlet.DispatcherServlet - Initializing Servlet 'dispatcherServlet'
[TraceId: ] 2025-06-01 07:35:11.902 [http-nio-8080-exec-1] INFO  org.springframework.web.servlet.DispatcherServlet - Completed initialization in 0 ms
[TraceId: 709ca080-d8d3-4309-aa1d-de8553aa3de2] 2025-06-01 07:35:12.123 [http-nio-8080-exec-1] INFO  c.j.weblog.common.aspect.ApiOperationLogAspect - ===请求开始:【以及加上注解，开始打印日志】, 入参: {"username":null,"sex":1,"age":17,"email":"782176274@qq.com"}, org.springframework.validation.BeanPropertyBindingResult: 2 errors
Field error in object 'user' on field 'username': rejected value [null]; codes [NotNull.user.username,NotNull.username,NotNull.java.lang.String,NotNull]; arguments [org.springframework.context.support.DefaultMessageSourceResolvable: codes [user.username,username]; arguments []; default message [username]]; default message [不能为null]
Field error in object 'user' on field 'age': rejected value [17]; codes [Min.user.age,Min.age,Min.java.lang.Integer,Min]; arguments [org.springframework.context.support.DefaultMessageSourceResolvable: codes [user.age,age]; arguments []; default message [age],18]; default message [最小不能小于18], 类名: TestController, 方法名: test=====
[TraceId: 709ca080-d8d3-4309-aa1d-de8553aa3de2] 2025-06-01 07:35:12.143 [http-nio-8080-exec-1] INFO  c.j.weblog.common.aspect.ApiOperationLogAspect - ===请求结束: 以及加上注解，开始打印日志, 耗时: 41, 出参: {"headers":{},"body":"不能为null, 最小不能小于18","statusCode":"BAD_REQUEST","statusCodeValue":400}
[TraceId: 79286774-8fdf-445c-87d0-b84fbf5fd059] 2025-06-01 07:35:24.158 [http-nio-8080-exec-2] INFO  c.j.weblog.common.aspect.ApiOperationLogAspect - ===请求开始:【以及加上注解，开始打印日志】, 入参: {"username":null,"sex":1,"age":18,"email":"782176274@qq.com"}, org.springframework.validation.BeanPropertyBindingResult: 1 errors
Field error in object 'user' on field 'username': rejected value [null]; codes [NotNull.user.username,NotNull.username,NotNull.java.lang.String,NotNull]; arguments [org.springframework.context.support.DefaultMessageSourceResolvable: codes [user.username,username]; arguments []; default message [username]]; default message [不能为null], 类名: TestController, 方法名: test=====
[TraceId: 79286774-8fdf-445c-87d0-b84fbf5fd059] 2025-06-01 07:35:24.159 [http-nio-8080-exec-2] INFO  c.j.weblog.common.aspect.ApiOperationLogAspect - ===请求结束: 以及加上注解，开始打印日志, 耗时: 2, 出参: {"headers":{},"body":"不能为null","statusCode":"BAD_REQUEST","statusCodeValue":400}
[TraceId: 913e0301-83fd-4c7f-86c1-c5b975c45cca] 2025-06-01 07:35:29.010 [http-nio-8080-exec-3] INFO  c.j.weblog.common.aspect.ApiOperationLogAspect - ===请求开始:【以及加上注解，开始打印日志】, 入参: {"username":null,"sex":1,"age":18,"email":"782176274@qq.com"}, org.springframework.validation.BeanPropertyBindingResult: 1 errors
Field error in object 'user' on field 'username': rejected value [null]; codes [NotNull.user.username,NotNull.username,NotNull.java.lang.String,NotNull]; arguments [org.springframework.context.support.DefaultMessageSourceResolvable: codes [user.username,username]; arguments []; default message [username]]; default message [不能为null], 类名: TestController, 方法名: test=====
[TraceId: 913e0301-83fd-4c7f-86c1-c5b975c45cca] 2025-06-01 07:35:29.010 [http-nio-8080-exec-3] INFO  c.j.weblog.common.aspect.ApiOperationLogAspect - ===请求结束: 以及加上注解，开始打印日志, 耗时: 1, 出参: {"headers":{},"body":"不能为null","statusCode":"BAD_REQUEST","statusCodeValue":400}
[TraceId: 0f549d53-ce19-479b-9af0-fed276bf6739] 2025-06-01 07:35:35.048 [http-nio-8080-exec-4] INFO  c.j.weblog.common.aspect.ApiOperationLogAspect - ===请求开始:【以及加上注解，开始打印日志】, 入参: {"username":null,"sex":1,"age":19,"email":"782176274@qq.com"}, org.springframework.validation.BeanPropertyBindingResult: 1 errors
Field error in object 'user' on field 'username': rejected value [null]; codes [NotNull.user.username,NotNull.username,NotNull.java.lang.String,NotNull]; arguments [org.springframework.context.support.DefaultMessageSourceResolvable: codes [user.username,username]; arguments []; default message [username]]; default message [不能为null], 类名: TestController, 方法名: test=====
[TraceId: 0f549d53-ce19-479b-9af0-fed276bf6739] 2025-06-01 07:35:35.048 [http-nio-8080-exec-4] INFO  c.j.weblog.common.aspect.ApiOperationLogAspect - ===请求结束: 以及加上注解，开始打印日志, 耗时: 1, 出参: {"headers":{},"body":"不能为null","statusCode":"BAD_REQUEST","statusCodeValue":400}
[TraceId: 95ee7068-3290-4ce1-b0d2-9557d92ac6bd] 2025-06-01 07:36:19.291 [http-nio-8080-exec-5] INFO  c.j.weblog.common.aspect.ApiOperationLogAspect - ===请求开始:【以及加上注解，开始打印日志】, 入参: {"username":null,"sex":1,"age":19,"email":"782176274@qq.com"}, org.springframework.validation.BeanPropertyBindingResult: 1 errors
Field error in object 'user' on field 'username': rejected value [null]; codes [NotNull.user.username,NotNull.username,NotNull.java.lang.String,NotNull]; arguments [org.springframework.context.support.DefaultMessageSourceResolvable: codes [user.username,username]; arguments []; default message [username]]; default message [不能为null], 类名: TestController, 方法名: test=====
[TraceId: 95ee7068-3290-4ce1-b0d2-9557d92ac6bd] 2025-06-01 07:36:19.291 [http-nio-8080-exec-5] INFO  c.j.weblog.common.aspect.ApiOperationLogAspect - ===请求结束: 以及加上注解，开始打印日志, 耗时: 0, 出参: {"headers":{},"body":"不能为null","statusCode":"BAD_REQUEST","statusCodeValue":400}
[TraceId: 4777a909-63d8-44d4-9f24-bdfd9a590c7e] 2025-06-01 07:36:49.018 [http-nio-8080-exec-6] INFO  c.j.weblog.common.aspect.ApiOperationLogAspect - ===请求开始:【以及加上注解，开始打印日志】, 入参: {"username":"jeremy","sex":1,"age":19,"email":"782176274@qq.com"}, org.springframework.validation.BeanPropertyBindingResult: 0 errors, 类名: TestController, 方法名: test=====
[TraceId: 4777a909-63d8-44d4-9f24-bdfd9a590c7e] 2025-06-01 07:36:49.033 [http-nio-8080-exec-6] INFO  c.j.weblog.common.aspect.ApiOperationLogAspect - ===请求结束: 以及加上注解，开始打印日志, 耗时: 0, 出参: {"headers":{},"body":"参数没有任何问题","statusCode":"OK","statusCodeValue":200}
[TraceId: 7035d710-467e-46bf-9a0b-31ee2a3e8f13] 2025-06-01 08:03:55.000 [http-nio-8080-exec-8] INFO  c.j.weblog.common.aspect.ApiOperationLogAspect - ===请求开始:【以及加上注解，开始打印日志】, 入参: {"username":"jeremy","sex":1,"age":19,"email":"782176274@qq.com"}, org.springframework.validation.BeanPropertyBindingResult: 0 errors, 类名: TestController, 方法名: test=====
[TraceId: 7035d710-467e-46bf-9a0b-31ee2a3e8f13] 2025-06-01 08:03:55.001 [http-nio-8080-exec-8] INFO  c.j.weblog.common.aspect.ApiOperationLogAspect - ===请求结束: 以及加上注解，开始打印日志, 耗时: 1, 出参: {"headers":{},"body":"参数没有任何问题","statusCode":"OK","statusCodeValue":200}
[TraceId: ] 2025-06-01 08:04:15.668 [main] INFO  com.jeremy.weblog.web.WeblogWebApplication - Starting WeblogWebApplication using Java 1.8.0_171 on DESKTOP-E6GOGRE with PID 18052 (E:\project\weblog\weblog-web\target\classes started by l7821 in E:\project\weblog)
[TraceId: ] 2025-06-01 08:04:15.674 [main] INFO  com.jeremy.weblog.web.WeblogWebApplication - The following profiles are active: prod
[TraceId: ] 2025-06-01 08:04:16.957 [main] INFO  o.s.boot.web.embedded.tomcat.TomcatWebServer - Tomcat initialized with port(s): 8080 (http)
[TraceId: ] 2025-06-01 08:04:16.978 [main] INFO  org.apache.catalina.core.StandardService - Starting service [Tomcat]
[TraceId: ] 2025-06-01 08:04:16.978 [main] INFO  org.apache.catalina.core.StandardEngine - Starting Servlet engine: [Apache Tomcat/9.0.56]
[TraceId: ] 2025-06-01 08:04:17.069 [main] INFO  o.a.c.core.ContainerBase.[Tomcat].[localhost].[/] - Initializing Spring embedded WebApplicationContext
[TraceId: ] 2025-06-01 08:04:17.069 [main] INFO  o.s.b.w.s.c.ServletWebServerApplicationContext - Root WebApplicationContext: initialization completed in 1340 ms
[TraceId: ] 2025-06-01 08:04:17.595 [main] INFO  o.s.boot.web.embedded.tomcat.TomcatWebServer - Tomcat started on port(s): 8080 (http) with context path ''
[TraceId: ] 2025-06-01 08:04:17.605 [main] INFO  com.jeremy.weblog.web.WeblogWebApplication - Started WeblogWebApplication in 3.022 seconds (JVM running for 4.833)
[TraceId: ] 2025-06-01 08:06:23.596 [http-nio-8080-exec-1] INFO  o.a.c.core.ContainerBase.[Tomcat].[localhost].[/] - Initializing Spring DispatcherServlet 'dispatcherServlet'
[TraceId: ] 2025-06-01 08:06:23.596 [http-nio-8080-exec-1] INFO  org.springframework.web.servlet.DispatcherServlet - Initializing Servlet 'dispatcherServlet'
[TraceId: ] 2025-06-01 08:06:23.597 [http-nio-8080-exec-1] INFO  org.springframework.web.servlet.DispatcherServlet - Completed initialization in 1 ms
[TraceId: 307277aa-01f6-45f9-8bd4-b7581b535bbc] 2025-06-01 08:06:23.832 [http-nio-8080-exec-1] INFO  c.j.weblog.common.aspect.ApiOperationLogAspect - ===请求开始:【以及加上注解，开始打印日志】, 入参: {"username":"jeremy","sex":1,"age":19,"email":"782176274@qq.com"}, org.springframework.validation.BeanPropertyBindingResult: 0 errors, 类名: TestController, 方法名: test=====
[TraceId: 307277aa-01f6-45f9-8bd4-b7581b535bbc] 2025-06-01 08:06:23.846 [http-nio-8080-exec-1] INFO  c.j.weblog.common.aspect.ApiOperationLogAspect - ===请求结束: 以及加上注解，开始打印日志, 耗时: 48, 出参: {"success":true,"message":"响应成功！！","errorCode":null,"data":null}
[TraceId: 929e7a4a-fc11-4ef4-a9d2-e3fba655e011] 2025-06-01 08:06:33.121 [http-nio-8080-exec-2] INFO  c.j.weblog.common.aspect.ApiOperationLogAspect - ===请求开始:【以及加上注解，开始打印日志】, 入参: {"username":"jeremy","sex":1,"age":17,"email":"782176274@qq.com"}, org.springframework.validation.BeanPropertyBindingResult: 1 errors
Field error in object 'user' on field 'age': rejected value [17]; codes [Min.user.age,Min.age,Min.java.lang.Integer,Min]; arguments [org.springframework.context.support.DefaultMessageSourceResolvable: codes [user.age,age]; arguments []; default message [age],18]; default message [最小不能小于18], 类名: TestController, 方法名: test=====
[TraceId: 929e7a4a-fc11-4ef4-a9d2-e3fba655e011] 2025-06-01 08:06:33.122 [http-nio-8080-exec-2] INFO  c.j.weblog.common.aspect.ApiOperationLogAspect - ===请求结束: 以及加上注解，开始打印日志, 耗时: 2, 出参: {"success":false,"message":"最小不能小于18","errorCode":null,"data":null}
[TraceId: ] 2025-06-01 08:07:09.300 [main] INFO  com.jeremy.weblog.web.WeblogWebApplication - Starting WeblogWebApplication using Java 1.8.0_171 on DESKTOP-E6GOGRE with PID 12628 (E:\project\weblog\weblog-web\target\classes started by l7821 in E:\project\weblog)
[TraceId: ] 2025-06-01 08:07:09.303 [main] INFO  com.jeremy.weblog.web.WeblogWebApplication - The following profiles are active: prod
[TraceId: ] 2025-06-01 08:07:10.407 [main] INFO  o.s.boot.web.embedded.tomcat.TomcatWebServer - Tomcat initialized with port(s): 8080 (http)
[TraceId: ] 2025-06-01 08:07:10.418 [main] INFO  org.apache.catalina.core.StandardService - Starting service [Tomcat]
[TraceId: ] 2025-06-01 08:07:10.418 [main] INFO  org.apache.catalina.core.StandardEngine - Starting Servlet engine: [Apache Tomcat/9.0.56]
[TraceId: ] 2025-06-01 08:07:10.499 [main] INFO  o.a.c.core.ContainerBase.[Tomcat].[localhost].[/] - Initializing Spring embedded WebApplicationContext
[TraceId: ] 2025-06-01 08:07:10.499 [main] INFO  o.s.b.w.s.c.ServletWebServerApplicationContext - Root WebApplicationContext: initialization completed in 1149 ms
[TraceId: ] 2025-06-01 08:07:11.017 [main] INFO  o.s.boot.web.embedded.tomcat.TomcatWebServer - Tomcat started on port(s): 8080 (http) with context path ''
[TraceId: ] 2025-06-01 08:07:11.026 [main] INFO  com.jeremy.weblog.web.WeblogWebApplication - Started WeblogWebApplication in 2.483 seconds (JVM running for 3.915)
[TraceId: ] 2025-06-01 08:07:35.871 [http-nio-8080-exec-1] INFO  o.a.c.core.ContainerBase.[Tomcat].[localhost].[/] - Initializing Spring DispatcherServlet 'dispatcherServlet'
[TraceId: ] 2025-06-01 08:07:35.871 [http-nio-8080-exec-1] INFO  org.springframework.web.servlet.DispatcherServlet - Initializing Servlet 'dispatcherServlet'
[TraceId: ] 2025-06-01 08:07:35.872 [http-nio-8080-exec-1] INFO  org.springframework.web.servlet.DispatcherServlet - Completed initialization in 1 ms
[TraceId: 400e49fc-6e7d-458e-82ff-1cc1ba5bdf47] 2025-06-01 08:07:36.123 [http-nio-8080-exec-1] INFO  c.j.weblog.common.aspect.ApiOperationLogAspect - ===请求开始:【以及加上注解，开始打印日志】, 入参: {"username":"jeremy","sex":1,"age":17,"email":"782176274@qq.com"}, org.springframework.validation.BeanPropertyBindingResult: 1 errors
Field error in object 'user' on field 'age': rejected value [17]; codes [Min.user.age,Min.age,Min.java.lang.Integer,Min]; arguments [org.springframework.context.support.DefaultMessageSourceResolvable: codes [user.age,age]; arguments []; default message [age],18]; default message [最小不能小于18], 类名: TestController, 方法名: test=====
[TraceId: 400e49fc-6e7d-458e-82ff-1cc1ba5bdf47] 2025-06-01 08:07:36.139 [http-nio-8080-exec-1] INFO  c.j.weblog.common.aspect.ApiOperationLogAspect - ===请求结束: 以及加上注解，开始打印日志, 耗时: 61, 出参: {"success":false,"message":"最小不能小于18","errorCode":null,"data":null}
[TraceId: 400e49fc-6e7d-458e-82ff-1cc1ba5bdf47] 2025-06-01 08:07:36.153 [http-nio-8080-exec-1] ERROR o.a.c.c.C.[.[localhost].[/].[dispatcherServlet] - Servlet.service() for servlet [dispatcherServlet] in context with path [] threw exception [Circular view path [test]: would dispatch back to the current handler URL [/test] again. Check your ViewResolver setup! (Hint: This may be the result of an unspecified view, due to default view name generation.)] with root cause
javax.servlet.ServletException: Circular view path [test]: would dispatch back to the current handler URL [/test] again. Check your ViewResolver setup! (Hint: This may be the result of an unspecified view, due to default view name generation.)
	at org.springframework.web.servlet.view.InternalResourceView.prepareForRendering(InternalResourceView.java:210)
	at org.springframework.web.servlet.view.InternalResourceView.renderMergedOutputModel(InternalResourceView.java:148)
	at org.springframework.web.servlet.view.AbstractView.render(AbstractView.java:316)
	at org.springframework.web.servlet.DispatcherServlet.render(DispatcherServlet.java:1401)
	at org.springframework.web.servlet.DispatcherServlet.processDispatchResult(DispatcherServlet.java:1145)
	at org.springframework.web.servlet.DispatcherServlet.doDispatch(DispatcherServlet.java:1084)
	at org.springframework.web.servlet.DispatcherServlet.doService(DispatcherServlet.java:963)
	at org.springframework.web.servlet.FrameworkServlet.processRequest(FrameworkServlet.java:1006)
	at org.springframework.web.servlet.FrameworkServlet.doPost(FrameworkServlet.java:909)
	at javax.servlet.http.HttpServlet.service(HttpServlet.java:681)
	at org.springframework.web.servlet.FrameworkServlet.service(FrameworkServlet.java:883)
	at javax.servlet.http.HttpServlet.service(HttpServlet.java:764)
	at org.apache.catalina.core.ApplicationFilterChain.internalDoFilter(ApplicationFilterChain.java:227)
	at org.apache.catalina.core.ApplicationFilterChain.doFilter(ApplicationFilterChain.java:162)
	at org.apache.tomcat.websocket.server.WsFilter.doFilter(WsFilter.java:53)
	at org.apache.catalina.core.ApplicationFilterChain.internalDoFilter(ApplicationFilterChain.java:189)
	at org.apache.catalina.core.ApplicationFilterChain.doFilter(ApplicationFilterChain.java:162)
	at org.springframework.web.filter.RequestContextFilter.doFilterInternal(RequestContextFilter.java:100)
	at org.springframework.web.filter.OncePerRequestFilter.doFilter(OncePerRequestFilter.java:117)
	at org.apache.catalina.core.ApplicationFilterChain.internalDoFilter(ApplicationFilterChain.java:189)
	at org.apache.catalina.core.ApplicationFilterChain.doFilter(ApplicationFilterChain.java:162)
	at org.springframework.web.filter.FormContentFilter.doFilterInternal(FormContentFilter.java:93)
	at org.springframework.web.filter.OncePerRequestFilter.doFilter(OncePerRequestFilter.java:117)
	at org.apache.catalina.core.ApplicationFilterChain.internalDoFilter(ApplicationFilterChain.java:189)
	at org.apache.catalina.core.ApplicationFilterChain.doFilter(ApplicationFilterChain.java:162)
	at org.springframework.web.filter.CharacterEncodingFilter.doFilterInternal(CharacterEncodingFilter.java:201)
	at org.springframework.web.filter.OncePerRequestFilter.doFilter(OncePerRequestFilter.java:117)
	at org.apache.catalina.core.ApplicationFilterChain.internalDoFilter(ApplicationFilterChain.java:189)
	at org.apache.catalina.core.ApplicationFilterChain.doFilter(ApplicationFilterChain.java:162)
	at org.apache.catalina.core.StandardWrapperValve.invoke(StandardWrapperValve.java:197)
	at org.apache.catalina.core.StandardContextValve.invoke(StandardContextValve.java:97)
	at org.apache.catalina.authenticator.AuthenticatorBase.invoke(AuthenticatorBase.java:540)
	at org.apache.catalina.core.StandardHostValve.invoke(StandardHostValve.java:135)
	at org.apache.catalina.valves.ErrorReportValve.invoke(ErrorReportValve.java:92)
	at org.apache.catalina.core.StandardEngineValve.invoke(StandardEngineValve.java:78)
	at org.apache.catalina.connector.CoyoteAdapter.service(CoyoteAdapter.java:357)
	at org.apache.coyote.http11.Http11Processor.service(Http11Processor.java:382)
	at org.apache.coyote.AbstractProcessorLight.process(AbstractProcessorLight.java:65)
	at org.apache.coyote.AbstractProtocol$ConnectionHandler.process(AbstractProtocol.java:895)
	at org.apache.tomcat.util.net.NioEndpoint$SocketProcessor.doRun(NioEndpoint.java:1732)
	at org.apache.tomcat.util.net.SocketProcessorBase.run(SocketProcessorBase.java:49)
	at org.apache.tomcat.util.threads.ThreadPoolExecutor.runWorker(ThreadPoolExecutor.java:1191)
	at org.apache.tomcat.util.threads.ThreadPoolExecutor$Worker.run(ThreadPoolExecutor.java:659)
	at org.apache.tomcat.util.threads.TaskThread$WrappingRunnable.run(TaskThread.java:61)
	at java.lang.Thread.run(Thread.java:748)
[TraceId: ] 2025-06-01 08:09:18.986 [main] INFO  com.jeremy.weblog.web.WeblogWebApplication - Starting WeblogWebApplication using Java 1.8.0_171 on DESKTOP-E6GOGRE with PID 2376 (E:\project\weblog\weblog-web\target\classes started by l7821 in E:\project\weblog)
[TraceId: ] 2025-06-01 08:09:18.988 [main] INFO  com.jeremy.weblog.web.WeblogWebApplication - The following profiles are active: prod
[TraceId: ] 2025-06-01 08:09:19.806 [main] INFO  o.s.boot.web.embedded.tomcat.TomcatWebServer - Tomcat initialized with port(s): 8080 (http)
[TraceId: ] 2025-06-01 08:09:19.822 [main] INFO  org.apache.catalina.core.StandardService - Starting service [Tomcat]
[TraceId: ] 2025-06-01 08:09:19.823 [main] INFO  org.apache.catalina.core.StandardEngine - Starting Servlet engine: [Apache Tomcat/9.0.56]
[TraceId: ] 2025-06-01 08:09:19.889 [main] INFO  o.a.c.core.ContainerBase.[Tomcat].[localhost].[/] - Initializing Spring embedded WebApplicationContext
[TraceId: ] 2025-06-01 08:09:19.889 [main] INFO  o.s.b.w.s.c.ServletWebServerApplicationContext - Root WebApplicationContext: initialization completed in 870 ms
[TraceId: ] 2025-06-01 08:09:20.262 [main] INFO  o.s.boot.web.embedded.tomcat.TomcatWebServer - Tomcat started on port(s): 8080 (http) with context path ''
[TraceId: ] 2025-06-01 08:09:20.269 [main] INFO  com.jeremy.weblog.web.WeblogWebApplication - Started WeblogWebApplication in 1.914 seconds (JVM running for 2.834)
[TraceId: ] 2025-06-01 10:41:21.052 [main] INFO  com.jeremy.weblog.web.WeblogWebApplication - Starting WeblogWebApplication using Java 1.8.0_171 on DESKTOP-E6GOGRE with PID 26436 (E:\project\weblog\weblog-web\target\classes started by l7821 in E:\project\weblog)
[TraceId: ] 2025-06-01 10:41:21.054 [main] INFO  com.jeremy.weblog.web.WeblogWebApplication - The following profiles are active: prod
[TraceId: ] 2025-06-01 10:41:22.040 [main] INFO  o.s.boot.web.embedded.tomcat.TomcatWebServer - Tomcat initialized with port(s): 8080 (http)
[TraceId: ] 2025-06-01 10:41:22.048 [main] INFO  org.apache.catalina.core.StandardService - Starting service [Tomcat]
[TraceId: ] 2025-06-01 10:41:22.048 [main] INFO  org.apache.catalina.core.StandardEngine - Starting Servlet engine: [Apache Tomcat/9.0.56]
[TraceId: ] 2025-06-01 10:41:22.117 [main] INFO  o.a.c.core.ContainerBase.[Tomcat].[localhost].[/] - Initializing Spring embedded WebApplicationContext
[TraceId: ] 2025-06-01 10:41:22.117 [main] INFO  o.s.b.w.s.c.ServletWebServerApplicationContext - Root WebApplicationContext: initialization completed in 1026 ms
[TraceId: ] 2025-06-01 10:41:22.549 [main] INFO  o.s.boot.web.embedded.tomcat.TomcatWebServer - Tomcat started on port(s): 8080 (http) with context path ''
[TraceId: ] 2025-06-01 10:41:22.559 [main] INFO  com.jeremy.weblog.web.WeblogWebApplication - Started WeblogWebApplication in 2.227 seconds (JVM running for 3.268)
[TraceId: ] 2025-06-01 10:44:56.257 [http-nio-8080-exec-1] INFO  o.a.c.core.ContainerBase.[Tomcat].[localhost].[/] - Initializing Spring DispatcherServlet 'dispatcherServlet'
[TraceId: ] 2025-06-01 10:44:56.257 [http-nio-8080-exec-1] INFO  org.springframework.web.servlet.DispatcherServlet - Initializing Servlet 'dispatcherServlet'
[TraceId: ] 2025-06-01 10:44:56.258 [http-nio-8080-exec-1] INFO  org.springframework.web.servlet.DispatcherServlet - Completed initialization in 1 ms
[TraceId: c92bb7a8-54f0-4973-9527-758657e00b10] 2025-06-01 10:44:56.542 [http-nio-8080-exec-1] INFO  c.j.weblog.common.aspect.ApiOperationLogAspect - ===请求开始:【以及加上注解，开始打印日志】, 入参: {"username":"jeremy","sex":1,"age":17,"email":"782176274@qq.com"}, org.springframework.validation.BeanPropertyBindingResult: 1 errors
Field error in object 'user' on field 'age': rejected value [17]; codes [Min.user.age,Min.age,Min.java.lang.Integer,Min]; arguments [org.springframework.context.support.DefaultMessageSourceResolvable: codes [user.age,age]; arguments []; default message [age],18]; default message [最小不能小于18], 类名: TestController, 方法名: test=====
[TraceId: c92bb7a8-54f0-4973-9527-758657e00b10] 2025-06-01 10:44:56.557 [http-nio-8080-exec-1] WARN  c.j.weblog.common.exception.GlobalExceptionHandler - /test request fail,errorCode is20000,errorMessage is产品未找到！
[TraceId: ] 2025-06-01 10:53:28.401 [main] INFO  com.jeremy.weblog.web.WeblogWebApplication - Starting WeblogWebApplication using Java 1.8.0_171 on DESKTOP-E6GOGRE with PID 2900 (E:\project\weblog\weblog-web\target\classes started by l7821 in E:\project\weblog)
[TraceId: ] 2025-06-01 10:53:28.401 [main] INFO  com.jeremy.weblog.web.WeblogWebApplication - The following profiles are active: prod
[TraceId: ] 2025-06-01 10:53:29.468 [main] INFO  o.s.boot.web.embedded.tomcat.TomcatWebServer - Tomcat initialized with port(s): 8080 (http)
[TraceId: ] 2025-06-01 10:53:29.484 [main] INFO  org.apache.catalina.core.StandardService - Starting service [Tomcat]
[TraceId: ] 2025-06-01 10:53:29.500 [main] INFO  org.apache.catalina.core.StandardEngine - Starting Servlet engine: [Apache Tomcat/9.0.56]
[TraceId: ] 2025-06-01 10:53:29.657 [main] INFO  o.a.c.core.ContainerBase.[Tomcat].[localhost].[/] - Initializing Spring embedded WebApplicationContext
[TraceId: ] 2025-06-01 10:53:29.657 [main] INFO  o.s.b.w.s.c.ServletWebServerApplicationContext - Root WebApplicationContext: initialization completed in 1191 ms
[TraceId: ] 2025-06-01 10:53:30.350 [main] INFO  o.s.boot.web.embedded.tomcat.TomcatWebServer - Tomcat started on port(s): 8080 (http) with context path ''
[TraceId: ] 2025-06-01 10:53:30.363 [main] INFO  com.jeremy.weblog.web.WeblogWebApplication - Started WeblogWebApplication in 2.667 seconds (JVM running for 4.095)
[TraceId: ] 2025-06-01 10:54:02.949 [http-nio-8080-exec-1] INFO  o.a.c.core.ContainerBase.[Tomcat].[localhost].[/] - Initializing Spring DispatcherServlet 'dispatcherServlet'
[TraceId: ] 2025-06-01 10:54:02.950 [http-nio-8080-exec-1] INFO  org.springframework.web.servlet.DispatcherServlet - Initializing Servlet 'dispatcherServlet'
[TraceId: ] 2025-06-01 10:54:02.950 [http-nio-8080-exec-1] INFO  org.springframework.web.servlet.DispatcherServlet - Completed initialization in 0 ms
[TraceId: 23c94f43-f46b-4658-9965-0f0c7065470b] 2025-06-01 10:54:03.148 [http-nio-8080-exec-1] INFO  c.j.weblog.common.aspect.ApiOperationLogAspect - ===请求开始:【以及加上注解，开始打印日志】, 入参: {"username":"jeremy","sex":1,"age":17,"email":"782176274@qq.com"}, org.springframework.validation.BeanPropertyBindingResult: 1 errors
Field error in object 'user' on field 'age': rejected value [17]; codes [Min.user.age,Min.age,Min.java.lang.Integer,Min]; arguments [org.springframework.context.support.DefaultMessageSourceResolvable: codes [user.age,age]; arguments []; default message [age],18]; default message [最小不能小于18], 类名: TestController, 方法名: test=====
[TraceId: 23c94f43-f46b-4658-9965-0f0c7065470b] 2025-06-01 10:54:03.163 [http-nio-8080-exec-1] WARN  o.s.w.s.m.m.a.ExceptionHandlerExceptionResolver - Failure in @ExceptionHandler com.jeremy.weblog.common.exception.GlobalExceptionHandler#handleOtherException(HttpServletRequest, BizException)
java.lang.IllegalStateException: Could not resolve parameter [1] in public com.jeremy.weblog.common.utils.Response com.jeremy.weblog.common.exception.GlobalExceptionHandler.handleOtherException(javax.servlet.http.HttpServletRequest,com.jeremy.weblog.common.exception.BizException): No suitable resolver
	at org.springframework.web.method.support.InvocableHandlerMethod.getMethodArgumentValues(InvocableHandlerMethod.java:176)
	at org.springframework.web.method.support.InvocableHandlerMethod.invokeForRequest(InvocableHandlerMethod.java:146)
	at org.springframework.web.servlet.mvc.method.annotation.ServletInvocableHandlerMethod.invokeAndHandle(ServletInvocableHandlerMethod.java:117)
	at org.springframework.web.servlet.mvc.method.annotation.ExceptionHandlerExceptionResolver.doResolveHandlerMethodException(ExceptionHandlerExceptionResolver.java:428)
	at org.springframework.web.servlet.handler.AbstractHandlerMethodExceptionResolver.doResolveException(AbstractHandlerMethodExceptionResolver.java:75)
	at org.springframework.web.servlet.handler.AbstractHandlerExceptionResolver.resolveException(AbstractHandlerExceptionResolver.java:142)
	at org.springframework.web.servlet.handler.HandlerExceptionResolverComposite.resolveException(HandlerExceptionResolverComposite.java:80)
	at org.springframework.web.servlet.DispatcherServlet.processHandlerException(DispatcherServlet.java:1327)
	at org.springframework.web.servlet.DispatcherServlet.processDispatchResult(DispatcherServlet.java:1138)
	at org.springframework.web.servlet.DispatcherServlet.doDispatch(DispatcherServlet.java:1084)
	at org.springframework.web.servlet.DispatcherServlet.doService(DispatcherServlet.java:963)
	at org.springframework.web.servlet.FrameworkServlet.processRequest(FrameworkServlet.java:1006)
	at org.springframework.web.servlet.FrameworkServlet.doPost(FrameworkServlet.java:909)
	at javax.servlet.http.HttpServlet.service(HttpServlet.java:681)
	at org.springframework.web.servlet.FrameworkServlet.service(FrameworkServlet.java:883)
	at javax.servlet.http.HttpServlet.service(HttpServlet.java:764)
	at org.apache.catalina.core.ApplicationFilterChain.internalDoFilter(ApplicationFilterChain.java:227)
	at org.apache.catalina.core.ApplicationFilterChain.doFilter(ApplicationFilterChain.java:162)
	at org.apache.tomcat.websocket.server.WsFilter.doFilter(WsFilter.java:53)
	at org.apache.catalina.core.ApplicationFilterChain.internalDoFilter(ApplicationFilterChain.java:189)
	at org.apache.catalina.core.ApplicationFilterChain.doFilter(ApplicationFilterChain.java:162)
	at org.springframework.web.filter.RequestContextFilter.doFilterInternal(RequestContextFilter.java:100)
	at org.springframework.web.filter.OncePerRequestFilter.doFilter(OncePerRequestFilter.java:117)
	at org.apache.catalina.core.ApplicationFilterChain.internalDoFilter(ApplicationFilterChain.java:189)
	at org.apache.catalina.core.ApplicationFilterChain.doFilter(ApplicationFilterChain.java:162)
	at org.springframework.web.filter.FormContentFilter.doFilterInternal(FormContentFilter.java:93)
	at org.springframework.web.filter.OncePerRequestFilter.doFilter(OncePerRequestFilter.java:117)
	at org.apache.catalina.core.ApplicationFilterChain.internalDoFilter(ApplicationFilterChain.java:189)
	at org.apache.catalina.core.ApplicationFilterChain.doFilter(ApplicationFilterChain.java:162)
	at org.springframework.web.filter.CharacterEncodingFilter.doFilterInternal(CharacterEncodingFilter.java:201)
	at org.springframework.web.filter.OncePerRequestFilter.doFilter(OncePerRequestFilter.java:117)
	at org.apache.catalina.core.ApplicationFilterChain.internalDoFilter(ApplicationFilterChain.java:189)
	at org.apache.catalina.core.ApplicationFilterChain.doFilter(ApplicationFilterChain.java:162)
	at org.apache.catalina.core.StandardWrapperValve.invoke(StandardWrapperValve.java:197)
	at org.apache.catalina.core.StandardContextValve.invoke(StandardContextValve.java:97)
	at org.apache.catalina.authenticator.AuthenticatorBase.invoke(AuthenticatorBase.java:540)
	at org.apache.catalina.core.StandardHostValve.invoke(StandardHostValve.java:135)
	at org.apache.catalina.valves.ErrorReportValve.invoke(ErrorReportValve.java:92)
	at org.apache.catalina.core.StandardEngineValve.invoke(StandardEngineValve.java:78)
	at org.apache.catalina.connector.CoyoteAdapter.service(CoyoteAdapter.java:357)
	at org.apache.coyote.http11.Http11Processor.service(Http11Processor.java:382)
	at org.apache.coyote.AbstractProcessorLight.process(AbstractProcessorLight.java:65)
	at org.apache.coyote.AbstractProtocol$ConnectionHandler.process(AbstractProtocol.java:895)
	at org.apache.tomcat.util.net.NioEndpoint$SocketProcessor.doRun(NioEndpoint.java:1732)
	at org.apache.tomcat.util.net.SocketProcessorBase.run(SocketProcessorBase.java:49)
	at org.apache.tomcat.util.threads.ThreadPoolExecutor.runWorker(ThreadPoolExecutor.java:1191)
	at org.apache.tomcat.util.threads.ThreadPoolExecutor$Worker.run(ThreadPoolExecutor.java:659)
	at org.apache.tomcat.util.threads.TaskThread$WrappingRunnable.run(TaskThread.java:61)
	at java.lang.Thread.run(Thread.java:748)
[TraceId: 23c94f43-f46b-4658-9965-0f0c7065470b] 2025-06-01 10:54:03.168 [http-nio-8080-exec-1] ERROR o.a.c.c.C.[.[localhost].[/].[dispatcherServlet] - Servlet.service() for servlet [dispatcherServlet] in context with path [] threw exception [Request processing failed; nested exception is java.lang.ArithmeticException: / by zero] with root cause
java.lang.ArithmeticException: / by zero
	at com.jeremy.weblog.web.controller.TestController.test(TestController.java:32)
	at com.jeremy.weblog.web.controller.TestController$$FastClassBySpringCGLIB$$f73be00f.invoke(<generated>)
	at org.springframework.cglib.proxy.MethodProxy.invoke(MethodProxy.java:218)
	at org.springframework.aop.framework.CglibAopProxy$CglibMethodInvocation.invokeJoinpoint(CglibAopProxy.java:783)
	at org.springframework.aop.framework.ReflectiveMethodInvocation.proceed(ReflectiveMethodInvocation.java:163)
	at org.springframework.aop.framework.CglibAopProxy$CglibMethodInvocation.proceed(CglibAopProxy.java:753)
	at org.springframework.aop.aspectj.MethodInvocationProceedingJoinPoint.proceed(MethodInvocationProceedingJoinPoint.java:89)
	at com.jeremy.weblog.common.aspect.ApiOperationLogAspect.doAround(ApiOperationLogAspect.java:42)
	at sun.reflect.NativeMethodAccessorImpl.invoke0(Native Method)
	at sun.reflect.NativeMethodAccessorImpl.invoke(NativeMethodAccessorImpl.java:62)
	at sun.reflect.DelegatingMethodAccessorImpl.invoke(DelegatingMethodAccessorImpl.java:43)
	at java.lang.reflect.Method.invoke(Method.java:498)
	at org.springframework.aop.aspectj.AbstractAspectJAdvice.invokeAdviceMethodWithGivenArgs(AbstractAspectJAdvice.java:634)
	at org.springframework.aop.aspectj.AbstractAspectJAdvice.invokeAdviceMethod(AbstractAspectJAdvice.java:624)
	at org.springframework.aop.aspectj.AspectJAroundAdvice.invoke(AspectJAroundAdvice.java:72)
	at org.springframework.aop.framework.ReflectiveMethodInvocation.proceed(ReflectiveMethodInvocation.java:175)
	at org.springframework.aop.framework.CglibAopProxy$CglibMethodInvocation.proceed(CglibAopProxy.java:753)
	at org.springframework.aop.interceptor.ExposeInvocationInterceptor.invoke(ExposeInvocationInterceptor.java:97)
	at org.springframework.aop.framework.ReflectiveMethodInvocation.proceed(ReflectiveMethodInvocation.java:186)
	at org.springframework.aop.framework.CglibAopProxy$CglibMethodInvocation.proceed(CglibAopProxy.java:753)
	at org.springframework.aop.framework.CglibAopProxy$DynamicAdvisedInterceptor.intercept(CglibAopProxy.java:698)
	at com.jeremy.weblog.web.controller.TestController$$EnhancerBySpringCGLIB$$8ce5431c.test(<generated>)
	at sun.reflect.NativeMethodAccessorImpl.invoke0(Native Method)
	at sun.reflect.NativeMethodAccessorImpl.invoke(NativeMethodAccessorImpl.java:62)
	at sun.reflect.DelegatingMethodAccessorImpl.invoke(DelegatingMethodAccessorImpl.java:43)
	at java.lang.reflect.Method.invoke(Method.java:498)
	at org.springframework.web.method.support.InvocableHandlerMethod.doInvoke(InvocableHandlerMethod.java:205)
	at org.springframework.web.method.support.InvocableHandlerMethod.invokeForRequest(InvocableHandlerMethod.java:150)
	at org.springframework.web.servlet.mvc.method.annotation.ServletInvocableHandlerMethod.invokeAndHandle(ServletInvocableHandlerMethod.java:117)
	at org.springframework.web.servlet.mvc.method.annotation.RequestMappingHandlerAdapter.invokeHandlerMethod(RequestMappingHandlerAdapter.java:895)
	at org.springframework.web.servlet.mvc.method.annotation.RequestMappingHandlerAdapter.handleInternal(RequestMappingHandlerAdapter.java:808)
	at org.springframework.web.servlet.mvc.method.AbstractHandlerMethodAdapter.handle(AbstractHandlerMethodAdapter.java:87)
	at org.springframework.web.servlet.DispatcherServlet.doDispatch(DispatcherServlet.java:1067)
	at org.springframework.web.servlet.DispatcherServlet.doService(DispatcherServlet.java:963)
	at org.springframework.web.servlet.FrameworkServlet.processRequest(FrameworkServlet.java:1006)
	at org.springframework.web.servlet.FrameworkServlet.doPost(FrameworkServlet.java:909)
	at javax.servlet.http.HttpServlet.service(HttpServlet.java:681)
	at org.springframework.web.servlet.FrameworkServlet.service(FrameworkServlet.java:883)
	at javax.servlet.http.HttpServlet.service(HttpServlet.java:764)
	at org.apache.catalina.core.ApplicationFilterChain.internalDoFilter(ApplicationFilterChain.java:227)
	at org.apache.catalina.core.ApplicationFilterChain.doFilter(ApplicationFilterChain.java:162)
	at org.apache.tomcat.websocket.server.WsFilter.doFilter(WsFilter.java:53)
	at org.apache.catalina.core.ApplicationFilterChain.internalDoFilter(ApplicationFilterChain.java:189)
	at org.apache.catalina.core.ApplicationFilterChain.doFilter(ApplicationFilterChain.java:162)
	at org.springframework.web.filter.RequestContextFilter.doFilterInternal(RequestContextFilter.java:100)
	at org.springframework.web.filter.OncePerRequestFilter.doFilter(OncePerRequestFilter.java:117)
	at org.apache.catalina.core.ApplicationFilterChain.internalDoFilter(ApplicationFilterChain.java:189)
	at org.apache.catalina.core.ApplicationFilterChain.doFilter(ApplicationFilterChain.java:162)
	at org.springframework.web.filter.FormContentFilter.doFilterInternal(FormContentFilter.java:93)
	at org.springframework.web.filter.OncePerRequestFilter.doFilter(OncePerRequestFilter.java:117)
	at org.apache.catalina.core.ApplicationFilterChain.internalDoFilter(ApplicationFilterChain.java:189)
	at org.apache.catalina.core.ApplicationFilterChain.doFilter(ApplicationFilterChain.java:162)
	at org.springframework.web.filter.CharacterEncodingFilter.doFilterInternal(CharacterEncodingFilter.java:201)
	at org.springframework.web.filter.OncePerRequestFilter.doFilter(OncePerRequestFilter.java:117)
	at org.apache.catalina.core.ApplicationFilterChain.internalDoFilter(ApplicationFilterChain.java:189)
	at org.apache.catalina.core.ApplicationFilterChain.doFilter(ApplicationFilterChain.java:162)
	at org.apache.catalina.core.StandardWrapperValve.invoke(StandardWrapperValve.java:197)
	at org.apache.catalina.core.StandardContextValve.invoke(StandardContextValve.java:97)
	at org.apache.catalina.authenticator.AuthenticatorBase.invoke(AuthenticatorBase.java:540)
	at org.apache.catalina.core.StandardHostValve.invoke(StandardHostValve.java:135)
	at org.apache.catalina.valves.ErrorReportValve.invoke(ErrorReportValve.java:92)
	at org.apache.catalina.core.StandardEngineValve.invoke(StandardEngineValve.java:78)
	at org.apache.catalina.connector.CoyoteAdapter.service(CoyoteAdapter.java:357)
	at org.apache.coyote.http11.Http11Processor.service(Http11Processor.java:382)
	at org.apache.coyote.AbstractProcessorLight.process(AbstractProcessorLight.java:65)
	at org.apache.coyote.AbstractProtocol$ConnectionHandler.process(AbstractProtocol.java:895)
	at org.apache.tomcat.util.net.NioEndpoint$SocketProcessor.doRun(NioEndpoint.java:1732)
	at org.apache.tomcat.util.net.SocketProcessorBase.run(SocketProcessorBase.java:49)
	at org.apache.tomcat.util.threads.ThreadPoolExecutor.runWorker(ThreadPoolExecutor.java:1191)
	at org.apache.tomcat.util.threads.ThreadPoolExecutor$Worker.run(ThreadPoolExecutor.java:659)
	at org.apache.tomcat.util.threads.TaskThread$WrappingRunnable.run(TaskThread.java:61)
	at java.lang.Thread.run(Thread.java:748)
[TraceId: ] 2025-06-01 10:58:14.580 [main] INFO  com.jeremy.weblog.web.WeblogWebApplication - Starting WeblogWebApplication using Java 1.8.0_171 on DESKTOP-E6GOGRE with PID 2204 (E:\project\weblog\weblog-web\target\classes started by l7821 in E:\project\weblog)
[TraceId: ] 2025-06-01 10:58:14.582 [main] INFO  com.jeremy.weblog.web.WeblogWebApplication - The following profiles are active: prod
[TraceId: ] 2025-06-01 10:58:15.418 [main] INFO  o.s.boot.web.embedded.tomcat.TomcatWebServer - Tomcat initialized with port(s): 8080 (http)
[TraceId: ] 2025-06-01 10:58:15.433 [main] INFO  org.apache.catalina.core.StandardService - Starting service [Tomcat]
[TraceId: ] 2025-06-01 10:58:15.433 [main] INFO  org.apache.catalina.core.StandardEngine - Starting Servlet engine: [Apache Tomcat/9.0.56]
[TraceId: ] 2025-06-01 10:58:15.496 [main] INFO  o.a.c.core.ContainerBase.[Tomcat].[localhost].[/] - Initializing Spring embedded WebApplicationContext
[TraceId: ] 2025-06-01 10:58:15.496 [main] INFO  o.s.b.w.s.c.ServletWebServerApplicationContext - Root WebApplicationContext: initialization completed in 877 ms
[TraceId: ] 2025-06-01 10:58:15.876 [main] INFO  o.s.boot.web.embedded.tomcat.TomcatWebServer - Tomcat started on port(s): 8080 (http) with context path ''
[TraceId: ] 2025-06-01 10:58:15.883 [main] INFO  com.jeremy.weblog.web.WeblogWebApplication - Started WeblogWebApplication in 1.945 seconds (JVM running for 2.799)
[TraceId: ] 2025-06-01 11:20:23.215 [http-nio-8080-exec-1] INFO  o.a.c.core.ContainerBase.[Tomcat].[localhost].[/] - Initializing Spring DispatcherServlet 'dispatcherServlet'
[TraceId: ] 2025-06-01 11:20:23.215 [http-nio-8080-exec-1] INFO  org.springframework.web.servlet.DispatcherServlet - Initializing Servlet 'dispatcherServlet'
[TraceId: ] 2025-06-01 11:20:23.215 [http-nio-8080-exec-1] INFO  org.springframework.web.servlet.DispatcherServlet - Completed initialization in 0 ms
[TraceId: a3f15917-a6f6-475e-a85a-87d5dcef38b5] 2025-06-01 11:20:23.414 [http-nio-8080-exec-1] INFO  c.j.weblog.common.aspect.ApiOperationLogAspect - ===请求开始:【以及加上注解，开始打印日志】, 入参: {"username":"jeremy","sex":1,"age":17,"email":"782176274@qq.com"}, org.springframework.validation.BeanPropertyBindingResult: 1 errors
Field error in object 'user' on field 'age': rejected value [17]; codes [Min.user.age,Min.age,Min.java.lang.Integer,Min]; arguments [org.springframework.context.support.DefaultMessageSourceResolvable: codes [user.age,age]; arguments []; default message [age],18]; default message [最小不能小于18], 类名: TestController, 方法名: test=====
[TraceId: a3f15917-a6f6-475e-a85a-87d5dcef38b5] 2025-06-01 11:20:23.430 [http-nio-8080-exec-1] WARN  c.j.weblog.common.exception.GlobalExceptionHandler - /test request fail,exception is {}
java.lang.ArithmeticException: / by zero
	at com.jeremy.weblog.web.controller.TestController.test(TestController.java:32)
	at com.jeremy.weblog.web.controller.TestController$$FastClassBySpringCGLIB$$f73be00f.invoke(<generated>)
	at org.springframework.cglib.proxy.MethodProxy.invoke(MethodProxy.java:218)
	at org.springframework.aop.framework.CglibAopProxy$CglibMethodInvocation.invokeJoinpoint(CglibAopProxy.java:783)
	at org.springframework.aop.framework.ReflectiveMethodInvocation.proceed(ReflectiveMethodInvocation.java:163)
	at org.springframework.aop.framework.CglibAopProxy$CglibMethodInvocation.proceed(CglibAopProxy.java:753)
	at org.springframework.aop.aspectj.MethodInvocationProceedingJoinPoint.proceed(MethodInvocationProceedingJoinPoint.java:89)
	at com.jeremy.weblog.common.aspect.ApiOperationLogAspect.doAround(ApiOperationLogAspect.java:42)
	at sun.reflect.NativeMethodAccessorImpl.invoke0(Native Method)
	at sun.reflect.NativeMethodAccessorImpl.invoke(NativeMethodAccessorImpl.java:62)
	at sun.reflect.DelegatingMethodAccessorImpl.invoke(DelegatingMethodAccessorImpl.java:43)
	at java.lang.reflect.Method.invoke(Method.java:498)
	at org.springframework.aop.aspectj.AbstractAspectJAdvice.invokeAdviceMethodWithGivenArgs(AbstractAspectJAdvice.java:634)
	at org.springframework.aop.aspectj.AbstractAspectJAdvice.invokeAdviceMethod(AbstractAspectJAdvice.java:624)
	at org.springframework.aop.aspectj.AspectJAroundAdvice.invoke(AspectJAroundAdvice.java:72)
	at org.springframework.aop.framework.ReflectiveMethodInvocation.proceed(ReflectiveMethodInvocation.java:175)
	at org.springframework.aop.framework.CglibAopProxy$CglibMethodInvocation.proceed(CglibAopProxy.java:753)
	at org.springframework.aop.interceptor.ExposeInvocationInterceptor.invoke(ExposeInvocationInterceptor.java:97)
	at org.springframework.aop.framework.ReflectiveMethodInvocation.proceed(ReflectiveMethodInvocation.java:186)
	at org.springframework.aop.framework.CglibAopProxy$CglibMethodInvocation.proceed(CglibAopProxy.java:753)
	at org.springframework.aop.framework.CglibAopProxy$DynamicAdvisedInterceptor.intercept(CglibAopProxy.java:698)
	at com.jeremy.weblog.web.controller.TestController$$EnhancerBySpringCGLIB$$70e675f5.test(<generated>)
	at sun.reflect.NativeMethodAccessorImpl.invoke0(Native Method)
	at sun.reflect.NativeMethodAccessorImpl.invoke(NativeMethodAccessorImpl.java:62)
	at sun.reflect.DelegatingMethodAccessorImpl.invoke(DelegatingMethodAccessorImpl.java:43)
	at java.lang.reflect.Method.invoke(Method.java:498)
	at org.springframework.web.method.support.InvocableHandlerMethod.doInvoke(InvocableHandlerMethod.java:205)
	at org.springframework.web.method.support.InvocableHandlerMethod.invokeForRequest(InvocableHandlerMethod.java:150)
	at org.springframework.web.servlet.mvc.method.annotation.ServletInvocableHandlerMethod.invokeAndHandle(ServletInvocableHandlerMethod.java:117)
	at org.springframework.web.servlet.mvc.method.annotation.RequestMappingHandlerAdapter.invokeHandlerMethod(RequestMappingHandlerAdapter.java:895)
	at org.springframework.web.servlet.mvc.method.annotation.RequestMappingHandlerAdapter.handleInternal(RequestMappingHandlerAdapter.java:808)
	at org.springframework.web.servlet.mvc.method.AbstractHandlerMethodAdapter.handle(AbstractHandlerMethodAdapter.java:87)
	at org.springframework.web.servlet.DispatcherServlet.doDispatch(DispatcherServlet.java:1067)
	at org.springframework.web.servlet.DispatcherServlet.doService(DispatcherServlet.java:963)
	at org.springframework.web.servlet.FrameworkServlet.processRequest(FrameworkServlet.java:1006)
	at org.springframework.web.servlet.FrameworkServlet.doPost(FrameworkServlet.java:909)
	at javax.servlet.http.HttpServlet.service(HttpServlet.java:681)
	at org.springframework.web.servlet.FrameworkServlet.service(FrameworkServlet.java:883)
	at javax.servlet.http.HttpServlet.service(HttpServlet.java:764)
	at org.apache.catalina.core.ApplicationFilterChain.internalDoFilter(ApplicationFilterChain.java:227)
	at org.apache.catalina.core.ApplicationFilterChain.doFilter(ApplicationFilterChain.java:162)
	at org.apache.tomcat.websocket.server.WsFilter.doFilter(WsFilter.java:53)
	at org.apache.catalina.core.ApplicationFilterChain.internalDoFilter(ApplicationFilterChain.java:189)
	at org.apache.catalina.core.ApplicationFilterChain.doFilter(ApplicationFilterChain.java:162)
	at org.springframework.web.filter.RequestContextFilter.doFilterInternal(RequestContextFilter.java:100)
	at org.springframework.web.filter.OncePerRequestFilter.doFilter(OncePerRequestFilter.java:117)
	at org.apache.catalina.core.ApplicationFilterChain.internalDoFilter(ApplicationFilterChain.java:189)
	at org.apache.catalina.core.ApplicationFilterChain.doFilter(ApplicationFilterChain.java:162)
	at org.springframework.web.filter.FormContentFilter.doFilterInternal(FormContentFilter.java:93)
	at org.springframework.web.filter.OncePerRequestFilter.doFilter(OncePerRequestFilter.java:117)
	at org.apache.catalina.core.ApplicationFilterChain.internalDoFilter(ApplicationFilterChain.java:189)
	at org.apache.catalina.core.ApplicationFilterChain.doFilter(ApplicationFilterChain.java:162)
	at org.springframework.web.filter.CharacterEncodingFilter.doFilterInternal(CharacterEncodingFilter.java:201)
	at org.springframework.web.filter.OncePerRequestFilter.doFilter(OncePerRequestFilter.java:117)
	at org.apache.catalina.core.ApplicationFilterChain.internalDoFilter(ApplicationFilterChain.java:189)
	at org.apache.catalina.core.ApplicationFilterChain.doFilter(ApplicationFilterChain.java:162)
	at org.apache.catalina.core.StandardWrapperValve.invoke(StandardWrapperValve.java:197)
	at org.apache.catalina.core.StandardContextValve.invoke(StandardContextValve.java:97)
	at org.apache.catalina.authenticator.AuthenticatorBase.invoke(AuthenticatorBase.java:540)
	at org.apache.catalina.core.StandardHostValve.invoke(StandardHostValve.java:135)
	at org.apache.catalina.valves.ErrorReportValve.invoke(ErrorReportValve.java:92)
	at org.apache.catalina.core.StandardEngineValve.invoke(StandardEngineValve.java:78)
	at org.apache.catalina.connector.CoyoteAdapter.service(CoyoteAdapter.java:357)
	at org.apache.coyote.http11.Http11Processor.service(Http11Processor.java:382)
	at org.apache.coyote.AbstractProcessorLight.process(AbstractProcessorLight.java:65)
	at org.apache.coyote.AbstractProtocol$ConnectionHandler.process(AbstractProtocol.java:895)
	at org.apache.tomcat.util.net.NioEndpoint$SocketProcessor.doRun(NioEndpoint.java:1732)
	at org.apache.tomcat.util.net.SocketProcessorBase.run(SocketProcessorBase.java:49)
	at org.apache.tomcat.util.threads.ThreadPoolExecutor.runWorker(ThreadPoolExecutor.java:1191)
	at org.apache.tomcat.util.threads.ThreadPoolExecutor$Worker.run(ThreadPoolExecutor.java:659)
	at org.apache.tomcat.util.threads.TaskThread$WrappingRunnable.run(TaskThread.java:61)
	at java.lang.Thread.run(Thread.java:748)
[TraceId: ] 2025-06-01 11:22:48.570 [main] INFO  com.jeremy.weblog.web.WeblogWebApplication - Starting WeblogWebApplication using Java 1.8.0_171 on DESKTOP-E6GOGRE with PID 9996 (E:\project\weblog\weblog-web\target\classes started by l7821 in E:\project\weblog)
[TraceId: ] 2025-06-01 11:22:48.572 [main] INFO  com.jeremy.weblog.web.WeblogWebApplication - The following profiles are active: prod
[TraceId: ] 2025-06-01 11:22:49.410 [main] INFO  o.s.boot.web.embedded.tomcat.TomcatWebServer - Tomcat initialized with port(s): 8080 (http)
[TraceId: ] 2025-06-01 11:22:49.427 [main] INFO  org.apache.catalina.core.StandardService - Starting service [Tomcat]
[TraceId: ] 2025-06-01 11:22:49.427 [main] INFO  org.apache.catalina.core.StandardEngine - Starting Servlet engine: [Apache Tomcat/9.0.56]
[TraceId: ] 2025-06-01 11:22:49.489 [main] INFO  o.a.c.core.ContainerBase.[Tomcat].[localhost].[/] - Initializing Spring embedded WebApplicationContext
[TraceId: ] 2025-06-01 11:22:49.489 [main] INFO  o.s.b.w.s.c.ServletWebServerApplicationContext - Root WebApplicationContext: initialization completed in 886 ms
[TraceId: ] 2025-06-01 11:22:49.925 [main] INFO  o.s.boot.web.embedded.tomcat.TomcatWebServer - Tomcat started on port(s): 8080 (http) with context path ''
[TraceId: ] 2025-06-01 11:22:49.932 [main] INFO  com.jeremy.weblog.web.WeblogWebApplication - Started WeblogWebApplication in 1.945 seconds (JVM running for 2.835)
